<html>
<body>
<pre>
<h1>Vision Build Log</h1>
<h2>Tool Versions:</h2>
IDE-Version: μVision V5.14.2.1
Copyright (C) 2015 ARM Ltd and ARM Germany GmbH. All rights reserved.
License Information: 1 1484132514@qq.com, 1, LIC=SDJT4-FXFV8-C7AR1-CS9GM-MN30G-0YA7T
 
Tool Versions:
Toolchain:       PK51 Prof. Developers Kit  Version: 9.55
Toolchain Path:  D:\Soft\Keil5\C51\C51\BIN
C Compiler:      C51.exe V9.55
Assembler:       A51.exe V8.02c
Linker/Locator:  BL51.exe V6.22
Library Manager: LIB51.exe V4.30.1.0
Hex Converter:   OH51.exe V2.7.0.0
CPU DLL:         S8051.DLL V3.101.0.0
Dialog DLL:      DP51.DLL V2.62.0.1 
<h2>Project:</h2>
G:\桌面\作业任务\Robomaster\2023-BalRobot\Bal\Modules\User\111.uvproj
Project File Date:  12/12/2023

<h2>Output:</h2>
Build target 'Target 1'
compiling 111.c...
111.c(12): error C141: syntax error near '[', expected '='
111.c(12): error C141: syntax error near '}', expected ';'
Target not created.
</pre>
</body>
</html>
